=~=~=~=~=~=~=~=~=~=~=~= PuTTY log 2022.10.07 18:51:12 =~=~=~=~=~=~=~=~=~=~=~=

 ets Jan  8 2013,rst cause:2, boot mode:(3,6)

load 0x40100000, len 7032, room 16 
tail 8
chksum 0x94
load 0x3ffe8408, len 24, room 0 
tail 8
chksum 0x2d
load 0x3ffe8420, len 3328, room 0 
tail 0
chksum 0x57
csum 0x57
[0;32mI (48) boot: ESP-IDF v3.4-49-g0f200b46-dirty 2nd stage bootloader[0m
[0;32mI (48) boot: compile time 22:43:49[0m
[0;32mI (49) boot: SPI Speed      : 40MHz[0m
[0;32mI (55) boot: SPI Mode       : DOUT[0m
[0;32mI (62) boot: SPI Flash Size : 1MB[0m
[0;32mI (68) boot: Partition Table:[0m
[0;32mI (73) boot: ## Label            Usage          Type ST Offset   Length[0m
[0;32mI (85) boot:  0 nvs              WiFi data        01 02 00009000 00006000[0m
[0;32mI (96) boot:  1 phy_init         RF data          01 01 0000f000 00001000[0m
[0;32mI (108) boot:  2 factory          factory app      00 00 00010000 000f0000[0m
[0;32mI (119) boot: End of partition table[0m
[0;32mI (126) esp_image: segment 0: paddr=0x00010010 vaddr=0x40210010 size=0x15ef0 ( 89840) map[0m
[0;32mI (178) esp_image: segment 1: paddr=0x00025f08 vaddr=0x40225f00 size=0x059fc ( 23036) map[0m
[0;32mI (189) esp_image: segment 2: paddr=0x0002b90c vaddr=0x3ffe8000 size=0x003dc (   988) load[0m
[0;32mI (190) esp_image: segment 3: paddr=0x0002bcf0 vaddr=0x40100000 size=0x00080 (   128) load[0m
[0;32mI (203) esp_image: segment 4: paddr=0x0002bd78 vaddr=0x40100080 size=0x045b8 ( 17848) load[0m
[0;32mI (224) boot: Loaded app from partition at offset 0x10000[0m
[0;32mI (248) gpio: GPIO[2]| InputEn: 0| OutputEn: 1| OpenDrain: 0| Pullup: 0| Pulldown: 0| Intr:0 [0m
[0;32mI (253) gpio: GPIO[0]| InputEn: 1| OutputEn: 0| OpenDrain: 0| Pullup: 1| Pulldown: 0| Intr:2 [0m
[0;32mI (264) main: cnt: 0
[0m
[0;32mI (1259) main: cnt: 1
[0m
[0;32mI (2259) main: cnt: 2
[0m
[0;32mI (3259) main: cnt: 3
[0m
[0;32mI (4259) main: cnt: 4
[0m
[0;32mI (5259) main: cnt: 5
[0m
[0;32mI (6259) main: cnt: 6
[0m
[0;32mI (7259) main: cnt: 7
[0m
[0;32mI (8259) main: cnt: 8
[0m
[0;32mI (8261) main: GPIO[0] intr, val: 0
[0m
[0;32mI (9260) main: cnt: 9
[0m
[0;32mI (10260) main: cnt: 10
[0m
[0;32mI (10262) main: GPIO[0] intr, val: 0
[0m
[0;32mI (11260) main: cnt: 11
[0m
[0;32mI (12260) main: cnt: 12
[0m
[0;32mI (13260) main: cnt: 13
[0m
[0;32mI (14260) main: cnt: 14
[0m
[0;32mI (15260) main: cnt: 15
[0m
[0;32mI (16260) main: cnt: 16
[0m
[0;32mI (17070) main: GPIO[0] intr, val: 0
[0m
[0;32mI (17260) main: cnt: 17
[0m
[0;32mI (18260) main: cnt: 18
[0m
[0;32mI (18262) main: GPIO[0] intr, val: 0
[0m
[0;32mI (19261) main: cnt: 19
[0m
[0;32mI (20261) main: cnt: 20
[0m
[0;32mI (20263) main: GPIO[0] intr, val: 0
[0m
[0;32mI (21261) main: cnt: 21
[0m
[0;32mI (22261) main: cnt: 22
[0m
[0;32mI (22263) main: GPIO[0] intr, val: 0
[0m
[0;32mI (23261) main: cnt: 23
[0m
[0;32mI (24261) main: cnt: 24
[0m
[0;32mI (24263) main: GPIO[0] intr, val: 0
[0m
[0;32mI (25241) main: GPIO[0] intr, val: 1
[0m
[0;32mI (25261) main: cnt: 25
[0m
[0;32mI (26261) main: cnt: 26
[0m
[0;32mI (27261) main: cnt: 27
[0m
[0;32mI (28261) main: cnt: 28
[0m
[0;32mI (29262) main: cnt: 29
[0m
[0;32mI (30262) main: cnt: 30
[0m
[0;32mI (31262) main: cnt: 31
[0m
[0;32mI (32262) main: cnt: 32
[0m
[0;32mI (33262) main: cnt: 33
[0m
[0;32mI (34262) main: cnt: 34
[0m
[0;32mI (35262) main: cnt: 35
[0m
[0;32mI (36262) main: cnt: 36
[0m
[0;32mI (37262) main: cnt: 37
[0m
[0;32mI (38262) main: cnt: 38
[0m
[0;32mI (39263) main: cnt: 39
[0m
[0;32mI (40263) main: cnt: 40
[0m
[0;32mI (41263) main: cnt: 41
[0m
[0;32mI (42263) main: cnt: 42
[0m
[0;32mI (43263) main: cnt: 43
[0m
[0;32mI (44263) main: cnt: 44
[0m
[0;32mI (45263) main: cnt: 45
[0m
[0;32mI (46263) main: cnt: 46
[0m
[0;32mI (47263) main: cnt: 47
[0m
[0;32mI (48263) main: cnt: 48
[0m
[0;32mI (48833) main: GPIO[0] intr, val: 0
[0m
[0;32mI (49264) main: cnt: 49
[0m
[0;32mI (50264) main: cnt: 50
[0m
[0;32mI (50266) main: GPIO[0] intr, val: 0
[0m
[0;32mI (51264) main: cnt: 51
[0m
[0;32mI (52264) main: cnt: 52
[0m
[0;32mI (52266) main: GPIO[0] intr, val: 0
[0m
[0;32mI (53264) main: cnt: 53
[0m
[0;32mI (54264) main: cnt: 54
[0m
[0;32mI (54266) main: GPIO[0] intr, val: 0
[0m
[0;32mI (55264) main: cnt: 55
[0m
[0;32mI (56264) main: cnt: 56
[0m
[0;32mI (56266) main: GPIO[0] intr, val: 0
[0m
[0;32mI (57264) main: cnt: 57
[0m
[0;32mI (58264) main: cnt: 58
[0m
[0;32mI (59265) main: cnt: 59
[0m
[0;32mI (60265) main: cnt: 60
[0m
[0;32mI (61265) main: cnt: 61
[0m
[0;32mI (62265) main: cnt: 62
[0m

